2021-01-25 00:19:35  - [ DEBUG ] - ranxiangxue.selenium.maven1.runcase.LoginCase.beforeClass(LoginCase.java:34) - 初始化浏览器 
2021-01-25 00:19:44  - [ DEBUG ] - ranxiangxue.selenium.maven1.runcase.LoginCase.beforeClass(LoginCase.java:36) - 初打开浏览器 
2021-01-25 00:19:52  - [ DEBUG ] - ranxiangxue.selenium.maven1.runcase.LoginCase.case1(LoginCase.java:58) - 开始执行case 
2021-01-25 00:19:52  - [ DEBUG ] - ranxiangxue.selenium.maven1.handle.LoginHandle.SendEmail(LoginHandle.java:17) - 你输入的email:18349271429 
2021-01-25 00:19:52  - [ DEBUG ] - ranxiangxue.selenium.maven1.page.BasePage.GetByLocal(BasePage.java:35) - 你的定位信息为：User 
2021-01-25 00:19:52  - [ DEBUG ] - ranxiangxue.selenium.maven1.page.BasePage.GetByLocal(BasePage.java:39) - 你的定位方式为：name 
2021-01-25 00:19:52  - [ DEBUG ] - ranxiangxue.selenium.maven1.page.BasePage.GetByLocal(BasePage.java:40) - 你的定位值为：email 
2021-01-25 00:19:52  - [ DEBUG ] - ranxiangxue.selenium.maven1.handle.LoginHandle.SendPassword(LoginHandle.java:21) - 你输入的password:Rxx123456 
2021-01-25 00:19:52  - [ DEBUG ] - ranxiangxue.selenium.maven1.page.BasePage.GetByLocal(BasePage.java:35) - 你的定位信息为：Pass 
2021-01-25 00:19:52  - [ DEBUG ] - ranxiangxue.selenium.maven1.page.BasePage.GetByLocal(BasePage.java:39) - 你的定位方式为：name 
2021-01-25 00:19:52  - [ DEBUG ] - ranxiangxue.selenium.maven1.page.BasePage.GetByLocal(BasePage.java:40) - 你的定位值为：password 
2021-01-25 00:19:53  - [ DEBUG ] - ranxiangxue.selenium.maven1.handle.LoginHandle.ClickLogin(LoginHandle.java:29) - 你开始点击登录按钮 
2021-01-25 00:19:53  - [ DEBUG ] - ranxiangxue.selenium.maven1.page.BasePage.GetByLocal(BasePage.java:35) - 你的定位信息为：LoginButton 
2021-01-25 00:19:53  - [ DEBUG ] - ranxiangxue.selenium.maven1.page.BasePage.GetByLocal(BasePage.java:39) - 你的定位方式为：className 
2021-01-25 00:19:53  - [ DEBUG ] - ranxiangxue.selenium.maven1.page.BasePage.GetByLocal(BasePage.java:40) - 你的定位值为：moco-btn 
2021-01-25 00:19:55  - [ DEBUG ] - ranxiangxue.selenium.maven1.page.BasePage.GetByLocal(BasePage.java:35) - 你的定位信息为：HeadPng 
2021-01-25 00:19:55  - [ DEBUG ] - ranxiangxue.selenium.maven1.page.BasePage.GetByLocal(BasePage.java:39) - 你的定位方式为：className 
2021-01-25 00:19:55  - [ DEBUG ] - ranxiangxue.selenium.maven1.page.BasePage.GetByLocal(BasePage.java:40) - 你的定位值为：user-card-item 
2021-01-25 00:20:01  - [ DEBUG ] - ranxiangxue.selenium.maven1.page.BasePage.GetByLocal(BasePage.java:35) - 你的定位信息为：userinfo 
2021-01-25 00:20:01  - [ DEBUG ] - ranxiangxue.selenium.maven1.page.BasePage.GetByLocal(BasePage.java:39) - 你的定位方式为：className 
2021-01-25 00:20:01  - [ DEBUG ] - ranxiangxue.selenium.maven1.page.BasePage.GetByLocal(BasePage.java:40) - 你的定位值为：name 
2021-01-25 00:20:03  - [ DEBUG ] - ranxiangxue.selenium.maven1.TestNGListennerSendEmail.onExecutionFinish(TestNGListennerSendEmail.java:23) - 所有Case执行结束 
2021-01-25 00:20:06  - [ DEBUG ] - ranxiangxue.selenium.maven1.TestNGListennerSendEmail.onExecutionFinish(TestNGListennerSendEmail.java:39) - 发送成功 
2021-01-25 00:21:39  - [ DEBUG ] - ranxiangxue.selenium.maven1.runcase.LoginCase.beforeClass(LoginCase.java:34) - 初始化浏览器 
2021-01-25 00:21:47  - [ DEBUG ] - ranxiangxue.selenium.maven1.runcase.LoginCase.beforeClass(LoginCase.java:36) - 初打开浏览器 
2021-01-25 00:21:53  - [ DEBUG ] - ranxiangxue.selenium.maven1.runcase.LoginCase.case1(LoginCase.java:58) - 开始执行case 
2021-01-25 00:21:53  - [ DEBUG ] - ranxiangxue.selenium.maven1.handle.LoginHandle.SendEmail(LoginHandle.java:17) - 你输入的email:18349271429 
2021-01-25 00:21:53  - [ DEBUG ] - ranxiangxue.selenium.maven1.page.BasePage.GetByLocal(BasePage.java:35) - 你的定位信息为：User 
2021-01-25 00:21:53  - [ DEBUG ] - ranxiangxue.selenium.maven1.page.BasePage.GetByLocal(BasePage.java:39) - 你的定位方式为：name 
2021-01-25 00:21:53  - [ DEBUG ] - ranxiangxue.selenium.maven1.page.BasePage.GetByLocal(BasePage.java:40) - 你的定位值为：email 
2021-01-25 00:21:53  - [ DEBUG ] - ranxiangxue.selenium.maven1.handle.LoginHandle.SendPassword(LoginHandle.java:21) - 你输入的password:Rxx123456 
2021-01-25 00:21:53  - [ DEBUG ] - ranxiangxue.selenium.maven1.page.BasePage.GetByLocal(BasePage.java:35) - 你的定位信息为：Pass 
2021-01-25 00:21:53  - [ DEBUG ] - ranxiangxue.selenium.maven1.page.BasePage.GetByLocal(BasePage.java:39) - 你的定位方式为：name 
2021-01-25 00:21:53  - [ DEBUG ] - ranxiangxue.selenium.maven1.page.BasePage.GetByLocal(BasePage.java:40) - 你的定位值为：password 
2021-01-25 00:21:53  - [ DEBUG ] - ranxiangxue.selenium.maven1.handle.LoginHandle.ClickLogin(LoginHandle.java:29) - 你开始点击登录按钮 
2021-01-25 00:21:53  - [ DEBUG ] - ranxiangxue.selenium.maven1.page.BasePage.GetByLocal(BasePage.java:35) - 你的定位信息为：LoginButton 
2021-01-25 00:21:53  - [ DEBUG ] - ranxiangxue.selenium.maven1.page.BasePage.GetByLocal(BasePage.java:39) - 你的定位方式为：className 
2021-01-25 00:21:53  - [ DEBUG ] - ranxiangxue.selenium.maven1.page.BasePage.GetByLocal(BasePage.java:40) - 你的定位值为：moco-btn 
2021-01-25 00:21:55  - [ DEBUG ] - ranxiangxue.selenium.maven1.page.BasePage.GetByLocal(BasePage.java:35) - 你的定位信息为：HeadPng 
2021-01-25 00:21:55  - [ DEBUG ] - ranxiangxue.selenium.maven1.page.BasePage.GetByLocal(BasePage.java:39) - 你的定位方式为：className 
2021-01-25 00:21:55  - [ DEBUG ] - ranxiangxue.selenium.maven1.page.BasePage.GetByLocal(BasePage.java:40) - 你的定位值为：user-card-item 
2021-01-25 00:21:55  - [ DEBUG ] - ranxiangxue.selenium.maven1.page.BasePage.GetByLocal(BasePage.java:35) - 你的定位信息为：userinfo 
2021-01-25 00:21:55  - [ DEBUG ] - ranxiangxue.selenium.maven1.page.BasePage.GetByLocal(BasePage.java:39) - 你的定位方式为：className 
2021-01-25 00:21:55  - [ DEBUG ] - ranxiangxue.selenium.maven1.page.BasePage.GetByLocal(BasePage.java:40) - 你的定位值为：name 
2021-01-25 00:21:57  - [ DEBUG ] - ranxiangxue.selenium.maven1.TestNGListennerSendEmail.onExecutionFinish(TestNGListennerSendEmail.java:23) - 所有Case执行结束 
2021-01-25 00:21:59  - [ DEBUG ] - ranxiangxue.selenium.maven1.TestNGListennerSendEmail.onExecutionFinish(TestNGListennerSendEmail.java:39) - 发送成功 
